<?xml version="1.0" encoding="UTF-8"?>
<!-- Generated by org.testng.reporters.JUnitReportReporter -->
<testsuite skipped="0" hostname="DESKTOP-E4PEU27" name="tasks.TC_tasks_001_Test" tests="1" failures="0" timestamp="2022-08-02T11:36:59 IST" time="142.607" errors="0">
  <testcase name="test_case" time="142.607" classname="tasks.TC_tasks_001_Test"/>
  <system-out/>
</testsuite> <!-- tasks.TC_tasks_001_Test -->
