<?xml version="1.0" encoding="UTF-8"?>
<!-- Generated by org.testng.reporters.JUnitReportReporter -->
<testsuite skipped="0" hostname="DESKTOP-E4PEU27" name="practice.TC_practice_002_Test" tests="1" failures="0" timestamp="2022-08-02T11:38:04 IST" time="22.368" errors="0">
  <testcase name="test_practice" time="22.368" classname="practice.TC_practice_002_Test"/>
  <system-out/>
</testsuite> <!-- practice.TC_practice_002_Test -->
